"../../../Engine/Content/EditorResources/S_Actor.ubulk" 0
"../../../Engine/Content/EditorResources/S_Actor.uasset" 1
"../../../Engine/Content/EditorResources/S_Actor.uexp" 2
"../../../Engine/Content/EditorResources/S_BoxReflectionCapture.uasset" 3
"../../../Engine/Content/EditorResources/S_BoxReflectionCapture.uexp" 4
"../../../Engine/Content/EngineResources/DefaultTexture.ubulk" 5
"../../../Engine/Content/EngineResources/DefaultTexture.uasset" 6
"../../../Engine/Content/EngineResources/DefaultTexture.uexp" 7
"../../../Engine/Content/EngineResources/DefaultTextureCube.uasset" 8
"../../../Engine/Content/EngineResources/DefaultTextureCube.uexp" 9
"../../../Engine/Content/EngineResources/DefaultVolumeTexture2D.uasset" 10
"../../../Engine/Content/EngineResources/DefaultVolumeTexture2D.uexp" 11
"../../../Engine/Content/EngineResources/DefaultVolumeTexture.uasset" 12
"../../../Engine/Content/EngineResources/DefaultVolumeTexture.uexp" 13
"../../../Engine/Content/EditorResources/S_Trigger.ubulk" 14
"../../../Engine/Content/EditorResources/S_Trigger.uasset" 15
"../../../Engine/Content/EditorResources/S_Trigger.uexp" 16
"../../../Engine/Content/EditorResources/S_TriggerBox.uasset" 17
"../../../Engine/Content/EditorResources/S_TriggerBox.uexp" 18
"../../../Engine/Content/EditorResources/S_TriggerCapsule.uasset" 19
"../../../Engine/Content/EditorResources/S_TriggerCapsule.uexp" 20
"../../../Engine/Content/EditorResources/S_TriggerSphere.uasset" 21
"../../../Engine/Content/EditorResources/S_TriggerSphere.uexp" 22
"../../../Engine/Content/EngineMeshes/Sphere.ubulk" 23
"../../../Engine/Content/EngineMeshes/Sphere.uasset" 24
"../../../Engine/Content/EngineMeshes/Sphere.uexp" 25
"../../../Engine/Content/EngineResources/GradientTexture0.uasset" 26
"../../../Engine/Content/EngineResources/GradientTexture0.uexp" 27
"../../../Engine/Content/EngineResources/Black.uasset" 28
"../../../Engine/Content/EngineResources/Black.uexp" 29
"../../../Engine/Content/VREditor/LaserPointer/VR_LaserPower_01.ubulk" 30
"../../../Engine/Content/VREditor/LaserPointer/VR_LaserPower_01.uasset" 31
"../../../Engine/Content/VREditor/LaserPointer/VR_LaserPower_01.uexp" 32
"../../../Engine/Content/VREditor/TransformGizmo/TransformGizmoMaterial.uasset" 33
"../../../Engine/Content/VREditor/TransformGizmo/TransformGizmoMaterial.uexp" 34
"../../../Engine/Content/VREditor/TransformGizmo/TranslucentTransformGizmoMaterial.uasset" 35
"../../../Engine/Content/VREditor/TransformGizmo/TranslucentTransformGizmoMaterial.uexp" 36
"../../../Engine/Content/VREditor/TransformGizmo/PlaneTranslationHandle.ubulk" 37
"../../../Engine/Content/VREditor/TransformGizmo/PlaneTranslationHandle.uasset" 38
"../../../Engine/Content/VREditor/TransformGizmo/PlaneTranslationHandle.uexp" 39
"../../../Engine/Content/VREditor/TransformGizmo/BoundingBoxCorner.ubulk" 40
"../../../Engine/Content/VREditor/TransformGizmo/BoundingBoxCorner.uasset" 41
"../../../Engine/Content/VREditor/TransformGizmo/BoundingBoxCorner.uexp" 42
"../../../Engine/Content/VREditor/TransformGizmo/BoundingBoxEdge.ubulk" 43
"../../../Engine/Content/VREditor/TransformGizmo/BoundingBoxEdge.uasset" 44
"../../../Engine/Content/VREditor/TransformGizmo/BoundingBoxEdge.uexp" 45
"../../../Engine/Content/VREditor/TransformGizmo/Main.uasset" 46
"../../../Engine/Content/VREditor/TransformGizmo/Main.uexp" 47
"../../../Engine/Content/VREditor/TransformGizmo/Xray.uasset" 48
"../../../Engine/Content/VREditor/TransformGizmo/Xray.uexp" 49
"../../../Engine/Content/VREditor/TransformGizmo/SM_Sequencer_Node.ubulk" 50
"../../../Engine/Content/VREditor/TransformGizmo/SM_Sequencer_Node.uasset" 51
"../../../Engine/Content/VREditor/TransformGizmo/SM_Sequencer_Node.uexp" 52
"../../../Engine/Content/EditorMaterials/Camera/CineMat.uasset" 53
"../../../Engine/Content/EditorMaterials/Camera/CineMat.uexp" 54
"../../../Engine/Content/EditorMaterials/Camera/MI_CineMat_Rig.uasset" 55
"../../../Engine/Content/EditorMaterials/Camera/MI_CineMat_Rig.uexp" 56
"../../../Engine/Content/EditorMeshes/Camera/SM_CraneRig_Base.ubulk" 57
"../../../Engine/Content/EditorMeshes/Camera/SM_CraneRig_Base.uasset" 58
"../../../Engine/Content/EditorMeshes/Camera/SM_CraneRig_Base.uexp" 59
"../../../Engine/Content/EditorMeshes/Camera/SM_CraneRig_Arm.ubulk" 60
"../../../Engine/Content/EditorMeshes/Camera/SM_CraneRig_Arm.uasset" 61
"../../../Engine/Content/EditorMeshes/Camera/SM_CraneRig_Arm.uexp" 62
"../../../Engine/Content/EditorMeshes/Camera/SM_CraneRig_Mount.ubulk" 63
"../../../Engine/Content/EditorMeshes/Camera/SM_CraneRig_Mount.uasset" 64
"../../../Engine/Content/EditorMeshes/Camera/SM_CraneRig_Mount.uexp" 65
"../../../Engine/Content/EditorMeshes/Camera/SM_CraneRig_Body.ubulk" 66
"../../../Engine/Content/EditorMeshes/Camera/SM_CraneRig_Body.uasset" 67
"../../../Engine/Content/EditorMeshes/Camera/SM_CraneRig_Body.uexp" 68
"../../../Engine/Content/EditorMeshes/Camera/SM_RailRig_Track.ubulk" 69
"../../../Engine/Content/EditorMeshes/Camera/SM_RailRig_Track.uasset" 70
"../../../Engine/Content/EditorMeshes/Camera/SM_RailRig_Track.uexp" 71
"../../../Engine/Content/EditorMeshes/Camera/SM_RailRig_Mount.ubulk" 72
"../../../Engine/Content/EditorMeshes/Camera/SM_RailRig_Mount.uasset" 73
"../../../Engine/Content/EditorMeshes/Camera/SM_RailRig_Mount.uexp" 74
"../../../Engine/Content/EngineMaterials/T_Default_Material_Grid_M.ubulk" 75
"../../../Engine/Content/EngineMaterials/T_Default_Material_Grid_M.uasset" 76
"../../../Engine/Content/EngineMaterials/T_Default_Material_Grid_M.uexp" 77
"../../../Engine/Content/EngineMaterials/T_Default_Material_Grid_N.ubulk" 78
"../../../Engine/Content/EngineMaterials/T_Default_Material_Grid_N.uasset" 79
"../../../Engine/Content/EngineMaterials/T_Default_Material_Grid_N.uexp" 80
"../../../Engine/Content/Functions/Engine_MaterialFunctions01/Opacity/CameraDepthFade.uasset" 81
"../../../Engine/Content/Functions/Engine_MaterialFunctions01/Opacity/CameraDepthFade.uexp" 82
"../../../Engine/Content/EngineMaterials/WorldGridMaterial.uasset" 83
"../../../Engine/Content/EngineMaterials/WorldGridMaterial.uexp" 84
"../../../Engine/Content/ArtTools/RenderToTexture/Meshes/S_1_Unit_Plane.ubulk" 85
"../../../Engine/Content/ArtTools/RenderToTexture/Meshes/S_1_Unit_Plane.uasset" 86
"../../../Engine/Content/ArtTools/RenderToTexture/Meshes/S_1_Unit_Plane.uexp" 87
"../../../Engine/Content/EditorMaterials/ParticleSystems/PSysThumbnail_NoImage.ubulk" 88
"../../../Engine/Content/EditorMaterials/ParticleSystems/PSysThumbnail_NoImage.uasset" 89
"../../../Engine/Content/EditorMaterials/ParticleSystems/PSysThumbnail_NoImage.uexp" 90
"../../../Engine/Content/EditorMaterials/ParticleSystems/PSysThumbnail_OOD.ubulk" 91
"../../../Engine/Content/EditorMaterials/ParticleSystems/PSysThumbnail_OOD.uasset" 92
"../../../Engine/Content/EditorMaterials/ParticleSystems/PSysThumbnail_OOD.uexp" 93
"../../../Engine/Content/EditorLandscapeResources/SplineEditorMeshMat.uasset" 94
"../../../Engine/Content/EditorLandscapeResources/SplineEditorMeshMat.uexp" 95
"../../../Engine/Content/EditorLandscapeResources/SplineEditorMesh.ubulk" 96
"../../../Engine/Content/EditorLandscapeResources/SplineEditorMesh.uasset" 97
"../../../Engine/Content/EditorLandscapeResources/SplineEditorMesh.uexp" 98
"../../../Engine/Content/EditorResources/S_Solver.ubulk" 99
"../../../Engine/Content/EditorResources/S_Solver.uasset" 100
"../../../Engine/Content/EditorResources/S_Solver.uexp" 101
"../../../Engine/Plugins/Media/MediaPlate/Content/SM_MediaPlateScreen.ubulk" 102
"../../../Engine/Plugins/Media/MediaPlate/Content/SM_MediaPlateScreen.uasset" 103
"../../../Engine/Plugins/Media/MediaPlate/Content/SM_MediaPlateScreen.uexp" 104
"../../../Engine/Content/EngineMaterials/Good64x64TilingNoiseHighFreq.uasset" 105
"../../../Engine/Content/EngineMaterials/Good64x64TilingNoiseHighFreq.uexp" 106
"../../../Engine/Content/EngineMaterials/DefaultBokeh.uasset" 107
"../../../Engine/Content/EngineMaterials/DefaultBokeh.uexp" 108
"../../../Engine/Content/EngineMaterials/PreintegratedSkinBRDF.uasset" 109
"../../../Engine/Content/EngineMaterials/PreintegratedSkinBRDF.uexp" 110
"../../../Engine/Content/EngineMaterials/MiniFont.uasset" 111
"../../../Engine/Content/EngineMaterials/MiniFont.uexp" 112
"../../../Engine/Content/EngineMaterials/WeightMapPlaceholderTexture.uasset" 113
"../../../Engine/Content/EngineMaterials/WeightMapPlaceholderTexture.uexp" 114
"../../../Engine/Content/EngineMaterials/DefaultWhiteGrid.ubulk" 115
"../../../Engine/Content/EngineMaterials/DefaultWhiteGrid.uasset" 116
"../../../Engine/Content/EngineMaterials/DefaultWhiteGrid.uexp" 117
"../../../Engine/Plugins/2D/Paper2D/Content/PlaceholderTextures/DummySpriteTexture.ubulk" 118
"../../../Engine/Plugins/2D/Paper2D/Content/PlaceholderTextures/DummySpriteTexture.uasset" 119
"../../../Engine/Plugins/2D/Paper2D/Content/PlaceholderTextures/DummySpriteTexture.uexp" 120
"../../../Engine/Plugins/2D/Paper2D/Content/DefaultSpriteMaterial.uasset" 121
"../../../Engine/Plugins/2D/Paper2D/Content/DefaultSpriteMaterial.uexp" 122
"../../../Engine/Plugins/2D/Paper2D/Content/OpaqueUnlitSpriteMaterial.uasset" 123
"../../../Engine/Plugins/2D/Paper2D/Content/OpaqueUnlitSpriteMaterial.uexp" 124
"../../../Engine/Plugins/2D/Paper2D/Content/MaskedUnlitSpriteMaterial.uasset" 125
"../../../Engine/Plugins/2D/Paper2D/Content/MaskedUnlitSpriteMaterial.uexp" 126
"../../../Engine/Plugins/2D/Paper2D/Content/DummySprite.uasset" 127
"../../../Engine/Plugins/2D/Paper2D/Content/DummySprite.uexp" 128
"../../../Engine/Plugins/2D/Paper2D/Content/DefaultPaperTerrainMaterial.uasset" 129
"../../../Engine/Plugins/2D/Paper2D/Content/DefaultPaperTerrainMaterial.uexp" 130
"C:/RWCJ 2024 april/SeaFox/ue code/Content/sendAndRecive.uasset" 131
"C:/RWCJ 2024 april/SeaFox/ue code/Content/sendAndRecive.uexp" 132
"C:/RWCJ 2024 april/SeaFox/ue code/Content/sceneManager.uasset" 133
"C:/RWCJ 2024 april/SeaFox/ue code/Content/sceneManager.uexp" 134
"C:/RWCJ 2024 april/SeaFox/ue code/Content/MathManager.uasset" 135
"C:/RWCJ 2024 april/SeaFox/ue code/Content/MathManager.uexp" 136
"../../../Engine/Content/Functions/Engine_MaterialFunctions02/WorldPositionOffset/CameraOffset.uasset" 137
"../../../Engine/Content/Functions/Engine_MaterialFunctions02/WorldPositionOffset/CameraOffset.uexp" 138
"../../../Engine/Plugins/Animation/ControlRig/Content/M_Manip.uasset" 139
"../../../Engine/Plugins/Animation/ControlRig/Content/M_Manip.uexp" 140
"../../../Engine/Content/EngineMaterials/DefaultMaterial.uasset" 141
"../../../Engine/Content/EngineMaterials/DefaultMaterial.uexp" 142
"../../../Engine/Content/BasicShapes/Sphere.ubulk" 143
"../../../Engine/Content/BasicShapes/Sphere.uasset" 144
"../../../Engine/Content/BasicShapes/Sphere.uexp" 145
"../../../Engine/Content/BasicShapes/Plane.ubulk" 146
"../../../Engine/Content/BasicShapes/Plane.uasset" 147
"../../../Engine/Content/BasicShapes/Plane.uexp" 148
"../../../Engine/Content/BasicShapes/Cylinder.ubulk" 149
"../../../Engine/Content/BasicShapes/Cylinder.uasset" 150
"../../../Engine/Content/BasicShapes/Cylinder.uexp" 151
"../../../Engine/Content/BasicShapes/Cube.ubulk" 152
"../../../Engine/Content/BasicShapes/Cube.uasset" 153
"../../../Engine/Content/BasicShapes/Cube.uexp" 154
"../../../Engine/Content/BasicShapes/Cone.ubulk" 155
"../../../Engine/Content/BasicShapes/Cone.uasset" 156
"../../../Engine/Content/BasicShapes/Cone.uexp" 157
"../../../Engine/Content/EditorMaterials/PreviewShadowIndicator.ubulk" 158
"../../../Engine/Content/EditorMaterials/PreviewShadowIndicator.uasset" 159
"../../../Engine/Content/EditorMaterials/PreviewShadowIndicator.uexp" 160
"../../../Engine/Content/EditorMaterials/PreviewShadowIndicatorMaterial.uasset" 161
"../../../Engine/Content/EditorMaterials/PreviewShadowIndicatorMaterial.uexp" 162
"../../../Engine/Content/EditorMaterials/PhAT_UnselectedMaterial.uasset" 163
"../../../Engine/Content/EditorMaterials/PhAT_UnselectedMaterial.uexp" 164
"../../../Engine/Content/EditorMaterials/PhAT_NoCollisionMaterial.uasset" 165
"../../../Engine/Content/EditorMaterials/PhAT_NoCollisionMaterial.uexp" 166
"../../../Engine/Content/EngineSounds/Master.uasset" 167
"../../../Engine/Content/EngineSounds/Master.uexp" 168
"C:/RWCJ 2024 april/SeaFox/ue code/Plugins/SerialCOM/Content/UE_BLUEPRINTS/BP_SerialCom_v4_UE510.uasset" 169
"C:/RWCJ 2024 april/SeaFox/ue code/Plugins/SerialCOM/Content/UE_BLUEPRINTS/BP_SerialCom_v4_UE510.uexp" 170
"C:/RWCJ 2024 april/SeaFox/ue code/Plugins/SerialCOM/Content/Arduino_Example/BP_Arduino_Comm.uasset" 171
"C:/RWCJ 2024 april/SeaFox/ue code/Plugins/SerialCOM/Content/Arduino_Example/BP_Arduino_Comm.uexp" 172
"../../../Engine/Plugins/Runtime/MeshModelingToolset/Content/Materials/M_DynamicMeshComponentVtxColor.uasset" 173
"../../../Engine/Plugins/Runtime/MeshModelingToolset/Content/Materials/M_DynamicMeshComponentVtxColor.uexp" 174
"../../../Engine/Plugins/Interchange/Runtime/Content/Pipelines/DefaultTexturePipeline.uasset" 175
"../../../Engine/Plugins/Interchange/Runtime/Content/Pipelines/DefaultTexturePipeline.uexp" 176
"../../../Engine/Plugins/Interchange/Runtime/Content/Pipelines/DefaultSceneLevelPipeline.uasset" 177
"../../../Engine/Plugins/Interchange/Runtime/Content/Pipelines/DefaultSceneLevelPipeline.uexp" 178
"../../../Engine/Plugins/Interchange/Runtime/Content/Pipelines/DefaultSceneAssetsPipeline.uasset" 179
"../../../Engine/Plugins/Interchange/Runtime/Content/Pipelines/DefaultSceneAssetsPipeline.uexp" 180
"../../../Engine/Plugins/Interchange/Runtime/Content/Pipelines/DefaultMaterialPipeline.uasset" 181
"../../../Engine/Plugins/Interchange/Runtime/Content/Pipelines/DefaultMaterialPipeline.uexp" 182
"../../../Engine/Plugins/Interchange/Runtime/Content/Pipelines/DefaultAssetsPipeline.uasset" 183
"../../../Engine/Plugins/Interchange/Runtime/Content/Pipelines/DefaultAssetsPipeline.uexp" 184
"../../../Engine/Plugins/Editor/SpeedTreeImporter/Content/SpeedTree9/game_wind_noise.ubulk" 185
"../../../Engine/Plugins/Editor/SpeedTreeImporter/Content/SpeedTree9/game_wind_noise.uasset" 186
"../../../Engine/Plugins/Editor/SpeedTreeImporter/Content/SpeedTree9/game_wind_noise.uexp" 187
"../../../Engine/Plugins/Editor/SpeedTreeImporter/Content/SpeedTree9/UnpackDirection.uasset" 188
"../../../Engine/Plugins/Editor/SpeedTreeImporter/Content/SpeedTree9/UnpackDirection.uexp" 189
"../../../Engine/Content/Functions/Engine_MaterialFunctions02/ObjectLocalBounds.uasset" 190
"../../../Engine/Content/Functions/Engine_MaterialFunctions02/ObjectLocalBounds.uexp" 191
"../../../Engine/Content/Functions/Engine_MaterialFunctions02/Utility/BreakOutFloat3Components.uasset" 192
"../../../Engine/Content/Functions/Engine_MaterialFunctions02/Utility/BreakOutFloat3Components.uexp" 193
"../../../Engine/Content/Functions/Engine_MaterialFunctions02/UVs/BoundingBoxBased_0-1_UVW.uasset" 194
"../../../Engine/Content/Functions/Engine_MaterialFunctions02/UVs/BoundingBoxBased_0-1_UVW.uexp" 195
"../../../Engine/Content/Functions/Engine_MaterialFunctions02/Utility/VectorLength.uasset" 196
"../../../Engine/Content/Functions/Engine_MaterialFunctions02/Utility/VectorLength.uexp" 197
"../../../Engine/Plugins/Editor/SpeedTreeImporter/Content/SpeedTree9/UnpackInteger3.uasset" 198
"../../../Engine/Plugins/Editor/SpeedTreeImporter/Content/SpeedTree9/UnpackInteger3.uexp" 199
"../../../Engine/Plugins/Editor/SpeedTreeImporter/Content/SpeedTree9/SpeedTreeCameraFacing.uasset" 200
"../../../Engine/Plugins/Editor/SpeedTreeImporter/Content/SpeedTree9/SpeedTreeCameraFacing.uexp" 201
"../../../Engine/Content/Functions/Engine_MaterialFunctions02/WorldPositionOffset/ObjectScale.uasset" 202
"../../../Engine/Content/Functions/Engine_MaterialFunctions02/WorldPositionOffset/ObjectScale.uexp" 203
"../../../Engine/Content/Functions/Engine_MaterialFunctions02/SafeNormalize.uasset" 204
"../../../Engine/Content/Functions/Engine_MaterialFunctions02/SafeNormalize.uexp" 205
"../../../Engine/Plugins/Editor/SpeedTreeImporter/Content/SpeedTree9/SpeedTreeWindMotion.uasset" 206
"../../../Engine/Plugins/Editor/SpeedTreeImporter/Content/SpeedTree9/SpeedTreeWindMotion.uexp" 207
"../../../Engine/Plugins/Editor/SpeedTreeImporter/Content/SpeedTree9/SpeedTreeBranchMotion.uasset" 208
"../../../Engine/Plugins/Editor/SpeedTreeImporter/Content/SpeedTree9/SpeedTreeBranchMotion.uexp" 209
"../../../Engine/Plugins/Editor/SpeedTreeImporter/Content/SpeedTree9/SpeedTreeWind.uasset" 210
"../../../Engine/Plugins/Editor/SpeedTreeImporter/Content/SpeedTree9/SpeedTreeWind.uexp" 211
"../../../Engine/Plugins/Editor/SpeedTreeImporter/Content/SpeedTree9/EmptyNormal.uasset" 212
"../../../Engine/Plugins/Editor/SpeedTreeImporter/Content/SpeedTree9/EmptyNormal.uexp" 213
"../../../Engine/Plugins/Editor/SpeedTreeImporter/Content/SpeedTree9/Empty.uasset" 214
"../../../Engine/Plugins/Editor/SpeedTreeImporter/Content/SpeedTree9/Empty.uexp" 215
"../../../Engine/Plugins/Editor/SpeedTreeImporter/Content/SpeedTree9/SpeedTreeMaster.uasset" 216
"../../../Engine/Plugins/Editor/SpeedTreeImporter/Content/SpeedTree9/SpeedTreeMaster.uexp" 217
"../../../Engine/Plugins/Editor/SpeedTreeImporter/Content/SpeedTree9/SpeedTreeBillboard.uasset" 218
"../../../Engine/Plugins/Editor/SpeedTreeImporter/Content/SpeedTree9/SpeedTreeBillboard.uexp" 219
"../../../Engine/Plugins/Editor/SpeedTreeImporter/Content/SpeedTree9/SpeedTreeBillboardMaster.uasset" 220
"../../../Engine/Plugins/Editor/SpeedTreeImporter/Content/SpeedTree9/SpeedTreeBillboardMaster.uexp" 221
"../../../Engine/Plugins/Animation/ControlRig/Content/Controls/DefaultGizmoLibraryNormalized.uasset" 222
"../../../Engine/Plugins/Animation/ControlRig/Content/Controls/DefaultGizmoLibraryNormalized.uexp" 223
"../../../Engine/Plugins/Animation/ControlRig/Content/Controls/ControlRig_Wedge_solid.ubulk" 224
"../../../Engine/Plugins/Animation/ControlRig/Content/Controls/ControlRig_Wedge_solid.uasset" 225
"../../../Engine/Plugins/Animation/ControlRig/Content/Controls/ControlRig_Wedge_solid.uexp" 226
"../../../Engine/Plugins/Animation/ControlRig/Content/Controls/ControlRig_Wedge_3mm.ubulk" 227
"../../../Engine/Plugins/Animation/ControlRig/Content/Controls/ControlRig_Wedge_3mm.uasset" 228
"../../../Engine/Plugins/Animation/ControlRig/Content/Controls/ControlRig_Wedge_3mm.uexp" 229
"../../../Engine/Plugins/Animation/ControlRig/Content/Controls/ControlRig_Wedge_1mm.ubulk" 230
"../../../Engine/Plugins/Animation/ControlRig/Content/Controls/ControlRig_Wedge_1mm.uasset" 231
"../../../Engine/Plugins/Animation/ControlRig/Content/Controls/ControlRig_Wedge_1mm.uexp" 232
"../../../Engine/Plugins/Animation/ControlRig/Content/Controls/ControlRig_Triangle_solid.ubulk" 233
"../../../Engine/Plugins/Animation/ControlRig/Content/Controls/ControlRig_Triangle_solid.uasset" 234
"../../../Engine/Plugins/Animation/ControlRig/Content/Controls/ControlRig_Triangle_solid.uexp" 235
"../../../Engine/Plugins/Animation/ControlRig/Content/Controls/ControlRig_Triangle_3mm.ubulk" 236
"../../../Engine/Plugins/Animation/ControlRig/Content/Controls/ControlRig_Triangle_3mm.uasset" 237
"../../../Engine/Plugins/Animation/ControlRig/Content/Controls/ControlRig_Triangle_3mm.uexp" 238
"../../../Engine/Plugins/Animation/ControlRig/Content/Controls/ControlRig_Triangle_1mm.ubulk" 239
"../../../Engine/Plugins/Animation/ControlRig/Content/Controls/ControlRig_Triangle_1mm.uasset" 240
"../../../Engine/Plugins/Animation/ControlRig/Content/Controls/ControlRig_Triangle_1mm.uexp" 241
"../../../Engine/Plugins/Animation/ControlRig/Content/Controls/ControlRig_Star4_solid.ubulk" 242
"../../../Engine/Plugins/Animation/ControlRig/Content/Controls/ControlRig_Star4_solid.uasset" 243
"../../../Engine/Plugins/Animation/ControlRig/Content/Controls/ControlRig_Star4_solid.uexp" 244
"../../../Engine/Plugins/Animation/ControlRig/Content/Controls/ControlRig_Star4_3mm.ubulk" 245
"../../../Engine/Plugins/Animation/ControlRig/Content/Controls/ControlRig_Star4_3mm.uasset" 246
"../../../Engine/Plugins/Animation/ControlRig/Content/Controls/ControlRig_Star4_3mm.uexp" 247
"../../../Engine/Plugins/Animation/ControlRig/Content/Controls/ControlRig_Star4_1mm.ubulk" 248
"../../../Engine/Plugins/Animation/ControlRig/Content/Controls/ControlRig_Star4_1mm.uasset" 249
"../../../Engine/Plugins/Animation/ControlRig/Content/Controls/ControlRig_Star4_1mm.uexp" 250
"../../../Engine/Plugins/Animation/ControlRig/Content/Controls/ControlRig_Square_solid.ubulk" 251
"../../../Engine/Plugins/Animation/ControlRig/Content/Controls/ControlRig_Square_solid.uasset" 252
"../../../Engine/Plugins/Animation/ControlRig/Content/Controls/ControlRig_Square_solid.uexp" 253
"../../../Engine/Plugins/Animation/ControlRig/Content/Controls/ControlRig_Square_3mm.ubulk" 254
"../../../Engine/Plugins/Animation/ControlRig/Content/Controls/ControlRig_Square_3mm.uasset" 255
"../../../Engine/Plugins/Animation/ControlRig/Content/Controls/ControlRig_Square_3mm.uexp" 256
"../../../Engine/Plugins/Animation/ControlRig/Content/Controls/ControlRig_Square_1mm.ubulk" 257
"../../../Engine/Plugins/Animation/ControlRig/Content/Controls/ControlRig_Square_1mm.uasset" 258
"../../../Engine/Plugins/Animation/ControlRig/Content/Controls/ControlRig_Square_1mm.uexp" 259
"../../../Engine/Plugins/Animation/ControlRig/Content/Controls/ControlRig_Sphere_solid.ubulk" 260
"../../../Engine/Plugins/Animation/ControlRig/Content/Controls/ControlRig_Sphere_solid.uasset" 261
"../../../Engine/Plugins/Animation/ControlRig/Content/Controls/ControlRig_Sphere_solid.uexp" 262
"../../../Engine/Plugins/Animation/ControlRig/Content/Controls/ControlRig_Sphere_3mm.ubulk" 263
"../../../Engine/Plugins/Animation/ControlRig/Content/Controls/ControlRig_Sphere_3mm.uasset" 264
"../../../Engine/Plugins/Animation/ControlRig/Content/Controls/ControlRig_Sphere_3mm.uexp" 265
"../../../Engine/Plugins/Animation/ControlRig/Content/Controls/ControlRig_Sphere_1mm.ubulk" 266
"../../../Engine/Plugins/Animation/ControlRig/Content/Controls/ControlRig_Sphere_1mm.uasset" 267
"../../../Engine/Plugins/Animation/ControlRig/Content/Controls/ControlRig_Sphere_1mm.uexp" 268
"../../../Engine/Plugins/Animation/ControlRig/Content/Controls/ControlRig_RoundedTriangle_solid.ubulk" 269
"../../../Engine/Plugins/Animation/ControlRig/Content/Controls/ControlRig_RoundedTriangle_solid.uasset" 270
"../../../Engine/Plugins/Animation/ControlRig/Content/Controls/ControlRig_RoundedTriangle_solid.uexp" 271
"../../../Engine/Plugins/Animation/ControlRig/Content/Controls/ControlRig_RoundedTriangle_3mm.ubulk" 272
"../../../Engine/Plugins/Animation/ControlRig/Content/Controls/ControlRig_RoundedTriangle_3mm.uasset" 273
"../../../Engine/Plugins/Animation/ControlRig/Content/Controls/ControlRig_RoundedTriangle_3mm.uexp" 274
"../../../Engine/Plugins/Animation/ControlRig/Content/Controls/ControlRig_RoundedTriangle_1mm.ubulk" 275
"../../../Engine/Plugins/Animation/ControlRig/Content/Controls/ControlRig_RoundedTriangle_1mm.uasset" 276
"../../../Engine/Plugins/Animation/ControlRig/Content/Controls/ControlRig_RoundedTriangle_1mm.uexp" 277
"../../../Engine/Plugins/Animation/ControlRig/Content/Controls/ControlRig_RoundedSquare_solid.ubulk" 278
"../../../Engine/Plugins/Animation/ControlRig/Content/Controls/ControlRig_RoundedSquare_solid.uasset" 279
"../../../Engine/Plugins/Animation/ControlRig/Content/Controls/ControlRig_RoundedSquare_solid.uexp" 280
"../../../Engine/Plugins/Animation/ControlRig/Content/Controls/ControlRig_RoundedSquare_3mm.ubulk" 281
"../../../Engine/Plugins/Animation/ControlRig/Content/Controls/ControlRig_RoundedSquare_3mm.uasset" 282
"../../../Engine/Plugins/Animation/ControlRig/Content/Controls/ControlRig_RoundedSquare_3mm.uexp" 283
"../../../Engine/Plugins/Animation/ControlRig/Content/Controls/ControlRig_RoundedSquare_1mm.ubulk" 284
"../../../Engine/Plugins/Animation/ControlRig/Content/Controls/ControlRig_RoundedSquare_1mm.uasset" 285
"../../../Engine/Plugins/Animation/ControlRig/Content/Controls/ControlRig_RoundedSquare_1mm.uexp" 286
"../../../Engine/Plugins/Animation/ControlRig/Content/Controls/ControlRig_QuarterCircle_solid.ubulk" 287
"../../../Engine/Plugins/Animation/ControlRig/Content/Controls/ControlRig_QuarterCircle_solid.uasset" 288
"../../../Engine/Plugins/Animation/ControlRig/Content/Controls/ControlRig_QuarterCircle_solid.uexp" 289
"../../../Engine/Plugins/Animation/ControlRig/Content/Controls/ControlRig_QuarterCircle_3mm.ubulk" 290
"../../../Engine/Plugins/Animation/ControlRig/Content/Controls/ControlRig_QuarterCircle_3mm.uasset" 291
"../../../Engine/Plugins/Animation/ControlRig/Content/Controls/ControlRig_QuarterCircle_3mm.uexp" 292
"../../../Engine/Plugins/Animation/ControlRig/Content/Controls/ControlRig_QuarterCircle_1mm.ubulk" 293
"../../../Engine/Plugins/Animation/ControlRig/Content/Controls/ControlRig_QuarterCircle_1mm.uasset" 294
"../../../Engine/Plugins/Animation/ControlRig/Content/Controls/ControlRig_QuarterCircle_1mm.uexp" 295
"../../../Engine/Plugins/Animation/ControlRig/Content/Controls/ControlRig_Pyramid_solid.ubulk" 296
"../../../Engine/Plugins/Animation/ControlRig/Content/Controls/ControlRig_Pyramid_solid.uasset" 297
"../../../Engine/Plugins/Animation/ControlRig/Content/Controls/ControlRig_Pyramid_solid.uexp" 298
"../../../Engine/Plugins/Animation/ControlRig/Content/Controls/ControlRig_Pyramid_3mm.ubulk" 299
"../../../Engine/Plugins/Animation/ControlRig/Content/Controls/ControlRig_Pyramid_3mm.uasset" 300
"../../../Engine/Plugins/Animation/ControlRig/Content/Controls/ControlRig_Pyramid_3mm.uexp" 301
"../../../Engine/Plugins/Animation/ControlRig/Content/Controls/ControlRig_Pyramid_1mm.ubulk" 302
"../../../Engine/Plugins/Animation/ControlRig/Content/Controls/ControlRig_Pyramid_1mm.uasset" 303
"../../../Engine/Plugins/Animation/ControlRig/Content/Controls/ControlRig_Pyramid_1mm.uexp" 304
"../../../Engine/Plugins/Animation/ControlRig/Content/Controls/ControlRig_Octagon_solid.ubulk" 305
"../../../Engine/Plugins/Animation/ControlRig/Content/Controls/ControlRig_Octagon_solid.uasset" 306
"../../../Engine/Plugins/Animation/ControlRig/Content/Controls/ControlRig_Octagon_solid.uexp" 307
"../../../Engine/Plugins/Animation/ControlRig/Content/Controls/ControlRig_Octagon_3mm.ubulk" 308
"../../../Engine/Plugins/Animation/ControlRig/Content/Controls/ControlRig_Octagon_3mm.uasset" 309
"../../../Engine/Plugins/Animation/ControlRig/Content/Controls/ControlRig_Octagon_3mm.uexp" 310
"../../../Engine/Plugins/Animation/ControlRig/Content/Controls/ControlRig_Octagon_1mm.ubulk" 311
"../../../Engine/Plugins/Animation/ControlRig/Content/Controls/ControlRig_Octagon_1mm.uasset" 312
"../../../Engine/Plugins/Animation/ControlRig/Content/Controls/ControlRig_Octagon_1mm.uexp" 313
"../../../Engine/Plugins/Animation/ControlRig/Content/Controls/ControlRig_Hexagon_solid.ubulk" 314
"../../../Engine/Plugins/Animation/ControlRig/Content/Controls/ControlRig_Hexagon_solid.uasset" 315
"../../../Engine/Plugins/Animation/ControlRig/Content/Controls/ControlRig_Hexagon_solid.uexp" 316
"../../../Engine/Plugins/Animation/ControlRig/Content/Controls/ControlRig_Hexagon_3mm.ubulk" 317
"../../../Engine/Plugins/Animation/ControlRig/Content/Controls/ControlRig_Hexagon_3mm.uasset" 318
"../../../Engine/Plugins/Animation/ControlRig/Content/Controls/ControlRig_Hexagon_3mm.uexp" 319
"../../../Engine/Plugins/Animation/ControlRig/Content/Controls/ControlRig_Hexagon_1mm.ubulk" 320
"../../../Engine/Plugins/Animation/ControlRig/Content/Controls/ControlRig_Hexagon_1mm.uasset" 321
"../../../Engine/Plugins/Animation/ControlRig/Content/Controls/ControlRig_Hexagon_1mm.uexp" 322
"../../../Engine/Plugins/Animation/ControlRig/Content/Controls/ControlRig_HalfCircle_solid.ubulk" 323
"../../../Engine/Plugins/Animation/ControlRig/Content/Controls/ControlRig_HalfCircle_solid.uasset" 324
"../../../Engine/Plugins/Animation/ControlRig/Content/Controls/ControlRig_HalfCircle_solid.uexp" 325
"../../../Engine/Plugins/Animation/ControlRig/Content/Controls/ControlRig_HalfCircle_3mm.ubulk" 326
"../../../Engine/Plugins/Animation/ControlRig/Content/Controls/ControlRig_HalfCircle_3mm.uasset" 327
"../../../Engine/Plugins/Animation/ControlRig/Content/Controls/ControlRig_HalfCircle_3mm.uexp" 328
"../../../Engine/Plugins/Animation/ControlRig/Content/Controls/ControlRig_HalfCircle_1mm.ubulk" 329
"../../../Engine/Plugins/Animation/ControlRig/Content/Controls/ControlRig_HalfCircle_1mm.uasset" 330
"../../../Engine/Plugins/Animation/ControlRig/Content/Controls/ControlRig_HalfCircle_1mm.uexp" 331
"../../../Engine/Plugins/Animation/ControlRig/Content/Controls/ControlRig_Diamond_solid.ubulk" 332
"../../../Engine/Plugins/Animation/ControlRig/Content/Controls/ControlRig_Diamond_solid.uasset" 333
"../../../Engine/Plugins/Animation/ControlRig/Content/Controls/ControlRig_Diamond_solid.uexp" 334
"../../../Engine/Plugins/Animation/ControlRig/Content/Controls/ControlRig_Diamond_3mm.ubulk" 335
"../../../Engine/Plugins/Animation/ControlRig/Content/Controls/ControlRig_Diamond_3mm.uasset" 336
"../../../Engine/Plugins/Animation/ControlRig/Content/Controls/ControlRig_Diamond_3mm.uexp" 337
"../../../Engine/Plugins/Animation/ControlRig/Content/Controls/ControlRig_Diamond_1mm.ubulk" 338
"../../../Engine/Plugins/Animation/ControlRig/Content/Controls/ControlRig_Diamond_1mm.uasset" 339
"../../../Engine/Plugins/Animation/ControlRig/Content/Controls/ControlRig_Diamond_1mm.uexp" 340
"../../../Engine/Plugins/Animation/ControlRig/Content/Controls/ControlRig_Circle_solid.ubulk" 341
"../../../Engine/Plugins/Animation/ControlRig/Content/Controls/ControlRig_Circle_solid.uasset" 342
"../../../Engine/Plugins/Animation/ControlRig/Content/Controls/ControlRig_Circle_solid.uexp" 343
"../../../Engine/Plugins/Animation/ControlRig/Content/Controls/ControlRig_Circle_3mm.ubulk" 344
"../../../Engine/Plugins/Animation/ControlRig/Content/Controls/ControlRig_Circle_3mm.uasset" 345
"../../../Engine/Plugins/Animation/ControlRig/Content/Controls/ControlRig_Circle_3mm.uexp" 346
"../../../Engine/Plugins/Animation/ControlRig/Content/Controls/ControlRig_Circle_1mm.ubulk" 347
"../../../Engine/Plugins/Animation/ControlRig/Content/Controls/ControlRig_Circle_1mm.uasset" 348
"../../../Engine/Plugins/Animation/ControlRig/Content/Controls/ControlRig_Circle_1mm.uexp" 349
"../../../Engine/Plugins/Animation/ControlRig/Content/Controls/ControlRig_Box_solid.ubulk" 350
"../../../Engine/Plugins/Animation/ControlRig/Content/Controls/ControlRig_Box_solid.uasset" 351
"../../../Engine/Plugins/Animation/ControlRig/Content/Controls/ControlRig_Box_solid.uexp" 352
"../../../Engine/Plugins/Animation/ControlRig/Content/Controls/ControlRig_Box_3mm.ubulk" 353
"../../../Engine/Plugins/Animation/ControlRig/Content/Controls/ControlRig_Box_3mm.uasset" 354
"../../../Engine/Plugins/Animation/ControlRig/Content/Controls/ControlRig_Box_3mm.uexp" 355
"../../../Engine/Plugins/Animation/ControlRig/Content/Controls/ControlRig_Box_1mm.ubulk" 356
"../../../Engine/Plugins/Animation/ControlRig/Content/Controls/ControlRig_Box_1mm.uasset" 357
"../../../Engine/Plugins/Animation/ControlRig/Content/Controls/ControlRig_Box_1mm.uexp" 358
"../../../Engine/Plugins/Animation/ControlRig/Content/Controls/ControlRig_Arrow_solid.ubulk" 359
"../../../Engine/Plugins/Animation/ControlRig/Content/Controls/ControlRig_Arrow_solid.uasset" 360
"../../../Engine/Plugins/Animation/ControlRig/Content/Controls/ControlRig_Arrow_solid.uexp" 361
"../../../Engine/Plugins/Animation/ControlRig/Content/Controls/ControlRig_Arrow_3mm.ubulk" 362
"../../../Engine/Plugins/Animation/ControlRig/Content/Controls/ControlRig_Arrow_3mm.uasset" 363
"../../../Engine/Plugins/Animation/ControlRig/Content/Controls/ControlRig_Arrow_3mm.uexp" 364
"../../../Engine/Plugins/Animation/ControlRig/Content/Controls/ControlRig_Arrow_1mm.ubulk" 365
"../../../Engine/Plugins/Animation/ControlRig/Content/Controls/ControlRig_Arrow_1mm.uasset" 366
"../../../Engine/Plugins/Animation/ControlRig/Content/Controls/ControlRig_Arrow_1mm.uexp" 367
"../../../Engine/Plugins/Animation/ControlRig/Content/Controls/ControlRig_Arrow4_solid.ubulk" 368
"../../../Engine/Plugins/Animation/ControlRig/Content/Controls/ControlRig_Arrow4_solid.uasset" 369
"../../../Engine/Plugins/Animation/ControlRig/Content/Controls/ControlRig_Arrow4_solid.uexp" 370
"../../../Engine/Plugins/Animation/ControlRig/Content/Controls/ControlRig_Arrow4_3mm.ubulk" 371
"../../../Engine/Plugins/Animation/ControlRig/Content/Controls/ControlRig_Arrow4_3mm.uasset" 372
"../../../Engine/Plugins/Animation/ControlRig/Content/Controls/ControlRig_Arrow4_3mm.uexp" 373
"../../../Engine/Plugins/Animation/ControlRig/Content/Controls/ControlRig_Arrow4_1mm.ubulk" 374
"../../../Engine/Plugins/Animation/ControlRig/Content/Controls/ControlRig_Arrow4_1mm.uasset" 375
"../../../Engine/Plugins/Animation/ControlRig/Content/Controls/ControlRig_Arrow4_1mm.uexp" 376
"../../../Engine/Plugins/Animation/ControlRig/Content/Controls/ControlRig_Arrow2_solid.ubulk" 377
"../../../Engine/Plugins/Animation/ControlRig/Content/Controls/ControlRig_Arrow2_solid.uasset" 378
"../../../Engine/Plugins/Animation/ControlRig/Content/Controls/ControlRig_Arrow2_solid.uexp" 379
"../../../Engine/Plugins/Animation/ControlRig/Content/Controls/ControlRig_Arrow2_3mm.ubulk" 380
"../../../Engine/Plugins/Animation/ControlRig/Content/Controls/ControlRig_Arrow2_3mm.uasset" 381
"../../../Engine/Plugins/Animation/ControlRig/Content/Controls/ControlRig_Arrow2_3mm.uexp" 382
"../../../Engine/Plugins/Animation/ControlRig/Content/Controls/ControlRig_Arrow2_1mm.ubulk" 383
"../../../Engine/Plugins/Animation/ControlRig/Content/Controls/ControlRig_Arrow2_1mm.uasset" 384
"../../../Engine/Plugins/Animation/ControlRig/Content/Controls/ControlRig_Arrow2_1mm.uexp" 385
"../../../Engine/Plugins/Animation/ControlRig/Content/Controls/ControlRigXRayMaterial.uasset" 386
"../../../Engine/Plugins/Animation/ControlRig/Content/Controls/ControlRigXRayMaterial.uexp" 387
"../../../Engine/Plugins/Animation/ControlRig/Content/Controls/ControlRigGizmoMaterial.uasset" 388
"../../../Engine/Plugins/Animation/ControlRig/Content/Controls/ControlRigGizmoMaterial.uexp" 389
"../../../Engine/Content/EngineResources/WhiteSquareTexture.uasset" 390
"../../../Engine/Content/EngineResources/WhiteSquareTexture.uexp" 391
"../../../Engine/Content/EngineMaterials/Widget3DPassThrough.uasset" 392
"../../../Engine/Content/EngineMaterials/Widget3DPassThrough.uexp" 393
"../../../Engine/Content/EngineMaterials/Widget3DPassThrough_Translucent.uasset" 394
"../../../Engine/Content/EngineMaterials/Widget3DPassThrough_Translucent.uexp" 395
"../../../Engine/Content/EngineMaterials/Widget3DPassThrough_Translucent_OneSided.uasset" 396
"../../../Engine/Content/EngineMaterials/Widget3DPassThrough_Translucent_OneSided.uexp" 397
"../../../Engine/Content/EngineMaterials/Widget3DPassThrough_Opaque.uasset" 398
"../../../Engine/Content/EngineMaterials/Widget3DPassThrough_Opaque.uexp" 399
"../../../Engine/Content/EngineMaterials/Widget3DPassThrough_Opaque_OneSided.uasset" 400
"../../../Engine/Content/EngineMaterials/Widget3DPassThrough_Opaque_OneSided.uexp" 401
"../../../Engine/Content/EngineMaterials/Widget3DPassThrough_Masked_OneSided.uasset" 402
"../../../Engine/Content/EngineMaterials/Widget3DPassThrough_Masked_OneSided.uexp" 403
"../../../Engine/Content/EngineMaterials/Widget3DPassThrough_Masked.uasset" 404
"../../../Engine/Content/EngineMaterials/Widget3DPassThrough_Masked.uexp" 405
"../../../Engine/Content/EngineMaterials/STBlueNoise_vec2_128x128x64.uasset" 406
"../../../Engine/Content/EngineMaterials/STBlueNoise_vec2_128x128x64.uexp" 407
"../../../Engine/Content/EngineMaterials/STBlueNoise_scalar_128x128x64.uasset" 408
"../../../Engine/Content/EngineMaterials/STBlueNoise_scalar_128x128x64.uexp" 409
"../../../Engine/Content/EngineMaterials/RemoveSurfaceMaterial.uasset" 410
"../../../Engine/Content/EngineMaterials/RemoveSurfaceMaterial.uexp" 411
"../../../Engine/Content/EngineMaterials/DefaultCalibrationGrayscale.uasset" 412
"../../../Engine/Content/EngineMaterials/DefaultCalibrationGrayscale.uexp" 413
"../../../Engine/Content/EngineMaterials/PPM_DefaultCalibrationGrayscale.uasset" 414
"../../../Engine/Content/EngineMaterials/PPM_DefaultCalibrationGrayscale.uexp" 415
"../../../Engine/Content/EngineMaterials/DefaultCalibrationColor.uasset" 416
"../../../Engine/Content/EngineMaterials/DefaultCalibrationColor.uexp" 417
"../../../Engine/Content/EngineMaterials/PPM_DefaultCalibrationColor.uasset" 418
"../../../Engine/Content/EngineMaterials/PPM_DefaultCalibrationColor.uexp" 419
"../../../Engine/Content/EngineMaterials/PhAT_JointLimitMaterial.uasset" 420
"../../../Engine/Content/EngineMaterials/PhAT_JointLimitMaterial.uexp" 421
"../../../Engine/Content/EngineMaterials/NaniteHiddenSectionMaterial.uasset" 422
"../../../Engine/Content/EngineMaterials/NaniteHiddenSectionMaterial.uexp" 423
"../../../Engine/Content/EngineMaterials/InvalidLightmapSettings.ubulk" 424
"../../../Engine/Content/EngineMaterials/InvalidLightmapSettings.uasset" 425
"../../../Engine/Content/EngineMaterials/InvalidLightmapSettings.uexp" 426
"../../../Engine/Content/EngineMaterials/M_InvalidLightmapSettings.uasset" 427
"../../../Engine/Content/EngineMaterials/M_InvalidLightmapSettings.uexp" 428
"../../../Engine/Content/EngineMaterials/GizmoMaterial.uasset" 429
"../../../Engine/Content/EngineMaterials/GizmoMaterial.uexp" 430
"../../../Engine/Content/EngineMaterials/BaseFlattenEmissiveMap_VT.uasset" 431
"../../../Engine/Content/EngineMaterials/BaseFlattenEmissiveMap_VT.uexp" 432
"../../../Engine/Content/EngineMaterials/BaseFlattenGrayscaleMap_VT.uasset" 433
"../../../Engine/Content/EngineMaterials/BaseFlattenGrayscaleMap_VT.uexp" 434
"../../../Engine/Content/EngineMaterials/BaseFlattenLinearColor_VT.uasset" 435
"../../../Engine/Content/EngineMaterials/BaseFlattenLinearColor_VT.uexp" 436
"../../../Engine/Content/EngineMaterials/Black_1x1_EXR_Texture_VT.uasset" 437
"../../../Engine/Content/EngineMaterials/Black_1x1_EXR_Texture_VT.uexp" 438
"../../../Engine/Content/EngineMaterials/BaseFlattenDiffuseMap_VT.uasset" 439
"../../../Engine/Content/EngineMaterials/BaseFlattenDiffuseMap_VT.uexp" 440
"../../../Engine/Content/EngineMaterials/BaseFlattenNormalMap_VT.uasset" 441
"../../../Engine/Content/EngineMaterials/BaseFlattenNormalMap_VT.uexp" 442
"../../../Engine/Content/EngineMaterials/FlattenMaterial_WS_Normal_VT.uasset" 443
"../../../Engine/Content/EngineMaterials/FlattenMaterial_WS_Normal_VT.uexp" 444
"../../../Engine/Content/EngineMaterials/FlattenMaterial_VT.uasset" 445
"../../../Engine/Content/EngineMaterials/FlattenMaterial_VT.uexp" 446
"../../../Engine/Content/EngineMaterials/BaseFlattenNormalMap.uasset" 447
"../../../Engine/Content/EngineMaterials/BaseFlattenNormalMap.uexp" 448
"../../../Engine/Content/EngineMaterials/BaseFlattenGrayscaleMap.uasset" 449
"../../../Engine/Content/EngineMaterials/BaseFlattenGrayscaleMap.uexp" 450
"../../../Engine/Content/EngineMaterials/BaseFlattenDiffuseMap.uasset" 451
"../../../Engine/Content/EngineMaterials/BaseFlattenDiffuseMap.uexp" 452
"../../../Engine/Content/Functions/Engine_MaterialFunctions02/PivotPainter2/Black_1x1_EXR_Texture.uasset" 453
"../../../Engine/Content/Functions/Engine_MaterialFunctions02/PivotPainter2/Black_1x1_EXR_Texture.uexp" 454
"../../../Engine/Content/EngineMaterials/BaseFlattenEmissiveMap.uasset" 455
"../../../Engine/Content/EngineMaterials/BaseFlattenEmissiveMap.uexp" 456
"../../../Engine/Content/EngineMaterials/BaseFlattenLinearColor.uasset" 457
"../../../Engine/Content/EngineMaterials/BaseFlattenLinearColor.uexp" 458
"../../../Engine/Content/EngineMaterials/FlattenMaterial.uasset" 459
"../../../Engine/Content/EngineMaterials/FlattenMaterial.uexp" 460
"../../../Engine/Content/EngineMaterials/DefaultWhiteGrid_Low.uasset" 461
"../../../Engine/Content/EngineMaterials/DefaultWhiteGrid_Low.uexp" 462
"../../../Engine/Content/EngineMaterials/EmissiveMeshMaterial.uasset" 463
"../../../Engine/Content/EngineMaterials/EmissiveMeshMaterial.uexp" 464
"../../../Engine/Content/EngineFonts/RobotoDistanceField.uasset" 465
"../../../Engine/Content/EngineFonts/RobotoDistanceField.uexp" 466
"../../../Engine/Content/EngineMaterials/DefaultTextMaterialOpaque.uasset" 467
"../../../Engine/Content/EngineMaterials/DefaultTextMaterialOpaque.uexp" 468
"../../../Engine/Content/EngineMaterials/DefaultDiffuse.ubulk" 469
"../../../Engine/Content/EngineMaterials/DefaultDiffuse.uasset" 470
"../../../Engine/Content/EngineMaterials/DefaultDiffuse.uexp" 471
"../../../Engine/Content/Functions/Engine_MaterialFunctions02/Utility/BreakOutFloat2Components.uasset" 472
"../../../Engine/Content/Functions/Engine_MaterialFunctions02/Utility/BreakOutFloat2Components.uexp" 473
"../../../Engine/Content/EngineMaterials/DefaultPostProcessMaterial.uasset" 474
"../../../Engine/Content/EngineMaterials/DefaultPostProcessMaterial.uexp" 475
"../../../Engine/Content/EngineMaterials/DefaultPhysicalMaterial.uasset" 476
"../../../Engine/Content/EngineMaterials/DefaultPhysicalMaterial.uexp" 477
"../../../Engine/Content/EngineMaterials/DefaultLightFunctionMaterial.uasset" 478
"../../../Engine/Content/EngineMaterials/DefaultLightFunctionMaterial.uexp" 479
"../../../Engine/Content/EngineMaterials/DefaultDestructiblePhysicalMaterial.uasset" 480
"../../../Engine/Content/EngineMaterials/DefaultDestructiblePhysicalMaterial.uexp" 481
"../../../Engine/Content/EngineMaterials/DefaultDeferredDecalMaterial.uasset" 482
"../../../Engine/Content/EngineMaterials/DefaultDeferredDecalMaterial.uexp" 483
"../../../Engine/Content/EngineMaterials/DefaultBloomKernel.uasset" 484
"../../../Engine/Content/EngineMaterials/DefaultBloomKernel.uexp" 485
"../../../Engine/Content/EngineFonts/Faces/RobotoLight.uexp" 486
"../../../Engine/Content/EngineFonts/Faces/RobotoLight.uasset" 487
"../../../Engine/Content/EngineFonts/Faces/RobotoLight.ufont" 488
"../../../Engine/Content/EngineFonts/Faces/RobotoBold.uexp" 489
"../../../Engine/Content/EngineFonts/Faces/RobotoBold.uasset" 490
"../../../Engine/Content/EngineFonts/Faces/RobotoBold.ufont" 491
"../../../Engine/Content/EngineFonts/Faces/RobotoRegular.uexp" 492
"../../../Engine/Content/EngineFonts/Faces/RobotoRegular.uasset" 493
"../../../Engine/Content/EngineFonts/Faces/RobotoRegular.ufont" 494
"../../../Engine/Content/EngineFonts/Faces/DroidSansFallback.uexp" 495
"../../../Engine/Content/EngineFonts/Faces/DroidSansFallback.uasset" 496
"../../../Engine/Content/EngineFonts/Faces/DroidSansFallback.ufont" 497
"../../../Engine/Content/EngineFonts/Faces/RobotoItalic.uexp" 498
"../../../Engine/Content/EngineFonts/Faces/RobotoItalic.uasset" 499
"../../../Engine/Content/EngineFonts/Faces/RobotoItalic.ufont" 500
"../../../Engine/Content/EngineFonts/Faces/RobotoBoldItalic.uexp" 501
"../../../Engine/Content/EngineFonts/Faces/RobotoBoldItalic.uasset" 502
"../../../Engine/Content/EngineFonts/Faces/RobotoBoldItalic.ufont" 503
"../../../Engine/Content/EngineFonts/Roboto.uasset" 504
"../../../Engine/Content/EngineFonts/Roboto.uexp" 505
"../../../Engine/Content/Functions/Engine_MaterialFunctions02/Utility/CameraDirectionVector.uasset" 506
"../../../Engine/Content/Functions/Engine_MaterialFunctions02/Utility/CameraDirectionVector.uexp" 507
"../../../Engine/Content/EngineDebugMaterials/VolumeToRender.uasset" 508
"../../../Engine/Content/EngineDebugMaterials/VolumeToRender.uexp" 509
"../../../Engine/Content/EngineDebugMaterials/M_VolumeRenderSphereTracePP.uasset" 510
"../../../Engine/Content/EngineDebugMaterials/M_VolumeRenderSphereTracePP.uexp" 511
"../../../Engine/Content/EngineDebugMaterials/M_SimpleUnlitTranslucent.uasset" 512
"../../../Engine/Content/EngineDebugMaterials/M_SimpleUnlitTranslucent.uexp" 513
"../../../Engine/Content/EngineDebugMaterials/DebugMeshMaterial.uasset" 514
"../../../Engine/Content/EngineDebugMaterials/DebugMeshMaterial.uexp" 515
"../../../Engine/Content/EngineDebugMaterials/DebugEditorMaterial.uasset" 516
"../../../Engine/Content/EngineDebugMaterials/DebugEditorMaterial.uexp" 517
"../../../Engine/Content/EngineDamageTypes/DmgTypeBP_Environmental.uasset" 518
"../../../Engine/Content/EngineDamageTypes/DmgTypeBP_Environmental.uexp" 519
"../../../Engine/Content/EditorResources/S_Terrain.ubulk" 520
"../../../Engine/Content/EditorResources/S_Terrain.uasset" 521
"../../../Engine/Content/EditorResources/S_Terrain.uexp" 522
"../../../Engine/Content/EditorResources/BSPVertex.uasset" 523
"../../../Engine/Content/EditorResources/BSPVertex.uexp" 524
"../../../Engine/Content/EditorLandscapeResources/DefaultAlphaTexture.uasset" 525
"../../../Engine/Content/EditorLandscapeResources/DefaultAlphaTexture.uexp" 526
"../../../Engine/Content/EditorLandscapeResources/DataLayer.uasset" 527
"../../../Engine/Content/EditorLandscapeResources/DataLayer.uexp" 528
"../../../Engine/Content/EngineSky/VolumetricClouds/CloudWeatherTexture.uasset" 529
"../../../Engine/Content/EngineSky/VolumetricClouds/CloudWeatherTexture.uexp" 530
"../../../Engine/Content/Functions/Engine_MaterialFunctions02/Utility/MakeFloat2.uasset" 531
"../../../Engine/Content/Functions/Engine_MaterialFunctions02/Utility/MakeFloat2.uexp" 532
"../../../Engine/Content/EngineSky/VolumetricClouds/CloudGradientTexture.uasset" 533
"../../../Engine/Content/EngineSky/VolumetricClouds/CloudGradientTexture.uexp" 534
"../../../Engine/Content/EngineSky/VolumetricClouds/T_NoiseShape64.ubulk" 535
"../../../Engine/Content/EngineSky/VolumetricClouds/T_NoiseShape64.uasset" 536
"../../../Engine/Content/EngineSky/VolumetricClouds/T_NoiseShape64.uexp" 537
"../../../Engine/Content/EngineSky/VolumetricClouds/T_VolumeNoiseShape64.uasset" 538
"../../../Engine/Content/EngineSky/VolumetricClouds/T_VolumeNoiseShape64.uexp" 539
"../../../Engine/Content/EngineSky/VolumetricClouds/T_NoiseErosion.ubulk" 540
"../../../Engine/Content/EngineSky/VolumetricClouds/T_NoiseErosion.uasset" 541
"../../../Engine/Content/EngineSky/VolumetricClouds/T_NoiseErosion.uexp" 542
"../../../Engine/Content/EngineSky/VolumetricClouds/T_VolumeNoiseErosion32.uasset" 543
"../../../Engine/Content/EngineSky/VolumetricClouds/T_VolumeNoiseErosion32.uexp" 544
"../../../Engine/Content/EngineSky/VolumetricClouds/m_SimpleVolumetricCloud.uasset" 545
"../../../Engine/Content/EngineSky/VolumetricClouds/m_SimpleVolumetricCloud.uexp" 546
"../../../Engine/Content/EngineSky/VolumetricClouds/m_SimpleVolumetricCloud_Inst.uasset" 547
"../../../Engine/Content/EngineSky/VolumetricClouds/m_SimpleVolumetricCloud_Inst.uexp" 548
"../../../Engine/Content/EngineResources/FilmGrains/Marcie_Grain_v3_128_M2_000.uasset" 549
"../../../Engine/Content/EngineResources/FilmGrains/Marcie_Grain_v3_128_M2_000.uexp" 550
"C:/RWCJ 2024 april/SeaFox/ue code/Content/FirstPerson/Maps/FirstPersonMap_BuiltData.ubulk" 551
"C:/RWCJ 2024 april/SeaFox/ue code/Content/FirstPerson/Maps/FirstPersonMap_BuiltData.uasset" 552
"C:/RWCJ 2024 april/SeaFox/ue code/Content/FirstPerson/Maps/FirstPersonMap_BuiltData.uexp" 553
"C:/RWCJ 2024 april/SeaFox/ue code/Content/FirstPerson/Input/Actions/IA_Shoot.uasset" 554
"C:/RWCJ 2024 april/SeaFox/ue code/Content/FirstPerson/Input/Actions/IA_Shoot.uexp" 555
"C:/RWCJ 2024 april/SeaFox/ue code/Content/FirstPerson/Input/IMC_Weapons.uasset" 556
"C:/RWCJ 2024 april/SeaFox/ue code/Content/FirstPerson/Input/IMC_Weapons.uexp" 557
"C:/RWCJ 2024 april/SeaFox/ue code/Content/FPWeapon/Mesh/SK_FPGun_Skeleton.uasset" 558
"C:/RWCJ 2024 april/SeaFox/ue code/Content/FPWeapon/Mesh/SK_FPGun_Skeleton.uexp" 559
"C:/RWCJ 2024 april/SeaFox/ue code/Content/FPWeapon/Materials/MaterialLayers/T_ML_Rubber_Blue_01_D.ubulk" 560
"C:/RWCJ 2024 april/SeaFox/ue code/Content/FPWeapon/Materials/MaterialLayers/T_ML_Rubber_Blue_01_D.uasset" 561
"C:/RWCJ 2024 april/SeaFox/ue code/Content/FPWeapon/Materials/MaterialLayers/T_ML_Rubber_Blue_01_D.uexp" 562
"C:/RWCJ 2024 april/SeaFox/ue code/Content/FPWeapon/Textures/T_FPGun_N.ubulk" 563
"C:/RWCJ 2024 april/SeaFox/ue code/Content/FPWeapon/Textures/T_FPGun_N.uasset" 564
"C:/RWCJ 2024 april/SeaFox/ue code/Content/FPWeapon/Textures/T_FPGun_N.uexp" 565
"../../../Engine/Content/Functions/Engine_MaterialFunctions02/Utility/BlendAngleCorrectedNormals.uasset" 566
"../../../Engine/Content/Functions/Engine_MaterialFunctions02/Utility/BlendAngleCorrectedNormals.uexp" 567
"../../../Engine/Content/Functions/MaterialLayerFunctions/MatLayerBlend_NormalBlend.uasset" 568
"../../../Engine/Content/Functions/MaterialLayerFunctions/MatLayerBlend_NormalBlend.uexp" 569
"C:/RWCJ 2024 april/SeaFox/ue code/Content/FPWeapon/Materials/MaterialLayers/T_ML_Rubber_Blue_01_N.ubulk" 570
"C:/RWCJ 2024 april/SeaFox/ue code/Content/FPWeapon/Materials/MaterialLayers/T_ML_Rubber_Blue_01_N.uasset" 571
"C:/RWCJ 2024 april/SeaFox/ue code/Content/FPWeapon/Materials/MaterialLayers/T_ML_Rubber_Blue_01_N.uexp" 572
"C:/RWCJ 2024 april/SeaFox/ue code/Content/FPWeapon/Materials/MaterialLayers/ML_Screen.uasset" 573
"C:/RWCJ 2024 april/SeaFox/ue code/Content/FPWeapon/Materials/MaterialLayers/ML_Screen.uexp" 574
"C:/RWCJ 2024 april/SeaFox/ue code/Content/FPWeapon/Materials/MaterialLayers/T_ML_Aluminum01_N.ubulk" 575
"C:/RWCJ 2024 april/SeaFox/ue code/Content/FPWeapon/Materials/MaterialLayers/T_ML_Aluminum01_N.uasset" 576
"C:/RWCJ 2024 april/SeaFox/ue code/Content/FPWeapon/Materials/MaterialLayers/T_ML_Aluminum01_N.uexp" 577
"C:/RWCJ 2024 april/SeaFox/ue code/Content/FPWeapon/Materials/MaterialLayers/T_ML_Aluminum01.ubulk" 578
"C:/RWCJ 2024 april/SeaFox/ue code/Content/FPWeapon/Materials/MaterialLayers/T_ML_Aluminum01.uasset" 579
"C:/RWCJ 2024 april/SeaFox/ue code/Content/FPWeapon/Materials/MaterialLayers/T_ML_Aluminum01.uexp" 580
"C:/RWCJ 2024 april/SeaFox/ue code/Content/FPWeapon/Materials/MaterialLayers/ML_SoftMetal_UE4.uasset" 581
"C:/RWCJ 2024 april/SeaFox/ue code/Content/FPWeapon/Materials/MaterialLayers/ML_SoftMetal_UE4.uexp" 582
"../../../Engine/Content/Functions/MaterialLayerFunctions/MatLayerBlend_Simple.uasset" 583
"../../../Engine/Content/Functions/MaterialLayerFunctions/MatLayerBlend_Simple.uexp" 584
"C:/RWCJ 2024 april/SeaFox/ue code/Content/FPWeapon/Textures/T_FPGun_M.ubulk" 585
"C:/RWCJ 2024 april/SeaFox/ue code/Content/FPWeapon/Textures/T_FPGun_M.uasset" 586
"C:/RWCJ 2024 april/SeaFox/ue code/Content/FPWeapon/Textures/T_FPGun_M.uexp" 587
"C:/RWCJ 2024 april/SeaFox/ue code/Content/FPWeapon/Materials/MaterialLayers/ML_Plastic_Shiny_Beige.uasset" 588
"C:/RWCJ 2024 april/SeaFox/ue code/Content/FPWeapon/Materials/MaterialLayers/ML_Plastic_Shiny_Beige.uexp" 589
"C:/RWCJ 2024 april/SeaFox/ue code/Content/FPWeapon/Materials/MaterialLayers/ML_GlossyBlack_Latex_UE4.uasset" 590
"C:/RWCJ 2024 april/SeaFox/ue code/Content/FPWeapon/Materials/MaterialLayers/ML_GlossyBlack_Latex_UE4.uexp" 591
"C:/RWCJ 2024 april/SeaFox/ue code/Content/FPWeapon/Materials/M_FPGun.uasset" 592
"C:/RWCJ 2024 april/SeaFox/ue code/Content/FPWeapon/Materials/M_FPGun.uexp" 593
"C:/RWCJ 2024 april/SeaFox/ue code/Content/FPWeapon/Mesh/SK_FPGun_Physics.uasset" 594
"C:/RWCJ 2024 april/SeaFox/ue code/Content/FPWeapon/Mesh/SK_FPGun_Physics.uexp" 595
"C:/RWCJ 2024 april/SeaFox/ue code/Content/FPWeapon/Mesh/SK_FPGun.uasset" 596
"C:/RWCJ 2024 april/SeaFox/ue code/Content/FPWeapon/Mesh/SK_FPGun.uexp" 597
"C:/RWCJ 2024 april/SeaFox/ue code/Content/FPWeapon/Audio/FirstPersonTemplateWeaponFire02.ubulk" 598
"C:/RWCJ 2024 april/SeaFox/ue code/Content/FPWeapon/Audio/FirstPersonTemplateWeaponFire02.uasset" 599
"C:/RWCJ 2024 april/SeaFox/ue code/Content/FPWeapon/Audio/FirstPersonTemplateWeaponFire02.uexp" 600
"C:/RWCJ 2024 april/SeaFox/ue code/Content/FPWeapon/Materials/BaseMaterial.uasset" 601
"C:/RWCJ 2024 april/SeaFox/ue code/Content/FPWeapon/Materials/BaseMaterial.uexp" 602
"C:/RWCJ 2024 april/SeaFox/ue code/Content/FPWeapon/Materials/FirstPersonProjectileMaterial.uasset" 603
"C:/RWCJ 2024 april/SeaFox/ue code/Content/FPWeapon/Materials/FirstPersonProjectileMaterial.uexp" 604
"C:/RWCJ 2024 april/SeaFox/ue code/Content/FPWeapon/Mesh/FirstPersonProjectileMesh.ubulk" 605
"C:/RWCJ 2024 april/SeaFox/ue code/Content/FPWeapon/Mesh/FirstPersonProjectileMesh.uasset" 606
"C:/RWCJ 2024 april/SeaFox/ue code/Content/FPWeapon/Mesh/FirstPersonProjectileMesh.uexp" 607
"C:/RWCJ 2024 april/SeaFox/ue code/Content/FirstPerson/Blueprints/BP_FirstPersonProjectile.uasset" 608
"C:/RWCJ 2024 april/SeaFox/ue code/Content/FirstPerson/Blueprints/BP_FirstPersonProjectile.uexp" 609
"../../../Engine/Content/Animation/DefaultAnimCurveCompressionSettings.uasset" 610
"../../../Engine/Content/Animation/DefaultAnimCurveCompressionSettings.uexp" 611
"../../../Engine/Content/Animation/DefaultAnimBoneCompressionSettings.uasset" 612
"../../../Engine/Content/Animation/DefaultAnimBoneCompressionSettings.uexp" 613
"C:/RWCJ 2024 april/SeaFox/ue code/Content/FirstPersonArms/Character/Mesh/SK_Mannequin_Arms_Skeleton.uasset" 614
"C:/RWCJ 2024 april/SeaFox/ue code/Content/FirstPersonArms/Character/Mesh/SK_Mannequin_Arms_Skeleton.uexp" 615
"C:/RWCJ 2024 april/SeaFox/ue code/Content/FirstPersonArms/Animations/FP_Rifle_Fire.uasset" 616
"C:/RWCJ 2024 april/SeaFox/ue code/Content/FirstPersonArms/Animations/FP_Rifle_Fire.uexp" 617
"C:/RWCJ 2024 april/SeaFox/ue code/Content/FirstPersonArms/Animations/FP_Rifle_Shoot_Montage.uasset" 618
"C:/RWCJ 2024 april/SeaFox/ue code/Content/FirstPersonArms/Animations/FP_Rifle_Shoot_Montage.uexp" 619
"../../../Engine/Content/EditorBlueprintResources/StandardMacros.uasset" 620
"../../../Engine/Content/EditorBlueprintResources/StandardMacros.uexp" 621
"C:/RWCJ 2024 april/SeaFox/ue code/Content/FirstPerson/managers/UIManager.uasset" 622
"C:/RWCJ 2024 april/SeaFox/ue code/Content/FirstPerson/managers/UIManager.uexp" 623
"C:/RWCJ 2024 april/SeaFox/ue code/Content/FirstPersonArms/Character/Materials/MaterialLayers/T_ML_Rubber_Blue_01_N.ubulk" 624
"C:/RWCJ 2024 april/SeaFox/ue code/Content/FirstPersonArms/Character/Materials/MaterialLayers/T_ML_Rubber_Blue_01_N.uasset" 625
"C:/RWCJ 2024 april/SeaFox/ue code/Content/FirstPersonArms/Character/Materials/MaterialLayers/T_ML_Rubber_Blue_01_N.uexp" 626
"C:/RWCJ 2024 april/SeaFox/ue code/Content/FirstPersonArms/Character/Materials/MaterialLayers/T_ML_Rubber_Blue_01_D.ubulk" 627
"C:/RWCJ 2024 april/SeaFox/ue code/Content/FirstPersonArms/Character/Materials/MaterialLayers/T_ML_Rubber_Blue_01_D.uasset" 628
"C:/RWCJ 2024 april/SeaFox/ue code/Content/FirstPersonArms/Character/Materials/MaterialLayers/T_ML_Rubber_Blue_01_D.uexp" 629
"C:/RWCJ 2024 april/SeaFox/ue code/Content/FirstPersonArms/Character/Materials/MaterialLayers/ML_GlossyBlack_Latex_UE4.uasset" 630
"C:/RWCJ 2024 april/SeaFox/ue code/Content/FirstPersonArms/Character/Materials/MaterialLayers/ML_GlossyBlack_Latex_UE4.uexp" 631
"C:/RWCJ 2024 april/SeaFox/ue code/Content/FirstPersonArms/Character/Textures/UE4_Mannequin_MAT_MASKA.ubulk" 632
"C:/RWCJ 2024 april/SeaFox/ue code/Content/FirstPersonArms/Character/Textures/UE4_Mannequin_MAT_MASKA.uasset" 633
"C:/RWCJ 2024 april/SeaFox/ue code/Content/FirstPersonArms/Character/Textures/UE4_Mannequin_MAT_MASKA.uexp" 634
"C:/RWCJ 2024 april/SeaFox/ue code/Content/FirstPersonArms/Character/Textures/UE4_LOGO_CARD.ubulk" 635
"C:/RWCJ 2024 april/SeaFox/ue code/Content/FirstPersonArms/Character/Textures/UE4_LOGO_CARD.uasset" 636
"C:/RWCJ 2024 april/SeaFox/ue code/Content/FirstPersonArms/Character/Textures/UE4_LOGO_CARD.uexp" 637
"C:/RWCJ 2024 april/SeaFox/ue code/Content/FirstPersonArms/Character/Materials/MaterialLayers/ML_Plastic_Shiny_Beige_LOGO.uasset" 638
"C:/RWCJ 2024 april/SeaFox/ue code/Content/FirstPersonArms/Character/Materials/MaterialLayers/ML_Plastic_Shiny_Beige_LOGO.uexp" 639
"C:/RWCJ 2024 april/SeaFox/ue code/Content/FirstPersonArms/Character/Materials/MaterialLayers/T_ML_Aluminum01.ubulk" 640
"C:/RWCJ 2024 april/SeaFox/ue code/Content/FirstPersonArms/Character/Materials/MaterialLayers/T_ML_Aluminum01.uasset" 641
"C:/RWCJ 2024 april/SeaFox/ue code/Content/FirstPersonArms/Character/Materials/MaterialLayers/T_ML_Aluminum01.uexp" 642
"C:/RWCJ 2024 april/SeaFox/ue code/Content/FirstPersonArms/Character/Materials/MaterialLayers/T_ML_Aluminum01_N.ubulk" 643
"C:/RWCJ 2024 april/SeaFox/ue code/Content/FirstPersonArms/Character/Materials/MaterialLayers/T_ML_Aluminum01_N.uasset" 644
"C:/RWCJ 2024 april/SeaFox/ue code/Content/FirstPersonArms/Character/Materials/MaterialLayers/T_ML_Aluminum01_N.uexp" 645
"C:/RWCJ 2024 april/SeaFox/ue code/Content/FirstPersonArms/Character/Materials/MaterialLayers/ML_SoftMetal_UE4.uasset" 646
"C:/RWCJ 2024 april/SeaFox/ue code/Content/FirstPersonArms/Character/Materials/MaterialLayers/ML_SoftMetal_UE4.uexp" 647
"C:/RWCJ 2024 april/SeaFox/ue code/Content/FirstPersonArms/Character/Materials/MaterialLayers/ML_Plastic_Shiny_Beige.uasset" 648
"C:/RWCJ 2024 april/SeaFox/ue code/Content/FirstPersonArms/Character/Materials/MaterialLayers/ML_Plastic_Shiny_Beige.uexp" 649
"C:/RWCJ 2024 april/SeaFox/ue code/Content/FirstPersonArms/Character/Textures/UE4_Mannequin__normals.ubulk" 650
"C:/RWCJ 2024 april/SeaFox/ue code/Content/FirstPersonArms/Character/Textures/UE4_Mannequin__normals.uasset" 651
"C:/RWCJ 2024 april/SeaFox/ue code/Content/FirstPersonArms/Character/Textures/UE4_Mannequin__normals.uexp" 652
"C:/RWCJ 2024 april/SeaFox/ue code/Content/FirstPersonArms/Character/Materials/M_UE4Man_Body.uasset" 653
"C:/RWCJ 2024 april/SeaFox/ue code/Content/FirstPersonArms/Character/Materials/M_UE4Man_Body.uexp" 654
"C:/RWCJ 2024 april/SeaFox/ue code/Content/FirstPersonArms/Character/Mesh/SK_Mannequin_Arms_PhysicsAsset.uasset" 655
"C:/RWCJ 2024 april/SeaFox/ue code/Content/FirstPersonArms/Character/Mesh/SK_Mannequin_Arms_PhysicsAsset.uexp" 656
"C:/RWCJ 2024 april/SeaFox/ue code/Content/FirstPersonArms/Character/Mesh/SK_Mannequin_Arms.uasset" 657
"C:/RWCJ 2024 april/SeaFox/ue code/Content/FirstPersonArms/Character/Mesh/SK_Mannequin_Arms.uexp" 658
"C:/RWCJ 2024 april/SeaFox/ue code/Content/FirstPerson/Input/Actions/IA_Look.uasset" 659
"C:/RWCJ 2024 april/SeaFox/ue code/Content/FirstPerson/Input/Actions/IA_Look.uexp" 660
"C:/RWCJ 2024 april/SeaFox/ue code/Content/FirstPerson/Input/Actions/IA_Move.uasset" 661
"C:/RWCJ 2024 april/SeaFox/ue code/Content/FirstPerson/Input/Actions/IA_Move.uexp" 662
"C:/RWCJ 2024 april/SeaFox/ue code/Content/FirstPerson/Input/Actions/IA_Jump.uasset" 663
"C:/RWCJ 2024 april/SeaFox/ue code/Content/FirstPerson/Input/Actions/IA_Jump.uexp" 664
"C:/RWCJ 2024 april/SeaFox/ue code/Content/FirstPerson/Input/IMC_Default.uasset" 665
"C:/RWCJ 2024 april/SeaFox/ue code/Content/FirstPerson/Input/IMC_Default.uexp" 666
"C:/RWCJ 2024 april/SeaFox/ue code/Content/FirstPerson/ui/PHLogo.uasset" 667
"C:/RWCJ 2024 april/SeaFox/ue code/Content/FirstPerson/ui/PHLogo.uexp" 668
"C:/RWCJ 2024 april/SeaFox/ue code/Content/FirstPerson/ui/image1.uasset" 669
"C:/RWCJ 2024 april/SeaFox/ue code/Content/FirstPerson/ui/image1.uexp" 670
"C:/RWCJ 2024 april/SeaFox/ue code/Content/FirstPerson/ui/ControlLayout.uasset" 671
"C:/RWCJ 2024 april/SeaFox/ue code/Content/FirstPerson/ui/ControlLayout.uexp" 672
"C:/RWCJ 2024 april/SeaFox/ue code/Content/FirstPerson/ui/workshops/Controls.uasset" 673
"C:/RWCJ 2024 april/SeaFox/ue code/Content/FirstPerson/ui/workshops/Controls.uexp" 674
"C:/RWCJ 2024 april/SeaFox/ue code/Content/FirstPerson/ui/ControlLayout2.uasset" 675
"C:/RWCJ 2024 april/SeaFox/ue code/Content/FirstPerson/ui/ControlLayout2.uexp" 676
"C:/RWCJ 2024 april/SeaFox/ue code/Content/FirstPerson/ui/workshops/Run.uasset" 677
"C:/RWCJ 2024 april/SeaFox/ue code/Content/FirstPerson/ui/workshops/Run.uexp" 678
"C:/RWCJ 2024 april/SeaFox/ue code/Content/FirstPerson/ui/workshops/Hub.uasset" 679
"C:/RWCJ 2024 april/SeaFox/ue code/Content/FirstPerson/ui/workshops/Hub.uexp" 680
"C:/RWCJ 2024 april/SeaFox/ue code/Content/FirstPerson/ui/workshops/disconect.uasset" 681
"C:/RWCJ 2024 april/SeaFox/ue code/Content/FirstPerson/ui/workshops/disconect.uexp" 682
"C:/RWCJ 2024 april/SeaFox/ue code/Content/FirstPerson/ui/home/Home.uasset" 683
"C:/RWCJ 2024 april/SeaFox/ue code/Content/FirstPerson/ui/home/Home.uexp" 684
"C:/RWCJ 2024 april/SeaFox/ue code/Content/FirstPerson/ui/setup/Setup.uasset" 685
"C:/RWCJ 2024 april/SeaFox/ue code/Content/FirstPerson/ui/setup/Setup.uexp" 686
"C:/RWCJ 2024 april/SeaFox/ue code/Content/FirstPersonArms/Animations/FP_Rifle_Idle.uasset" 687
"C:/RWCJ 2024 april/SeaFox/ue code/Content/FirstPersonArms/Animations/FP_Rifle_Idle.uexp" 688
"C:/RWCJ 2024 april/SeaFox/ue code/Content/FirstPersonArms/Animations/FP_Rifle_Land.uasset" 689
"C:/RWCJ 2024 april/SeaFox/ue code/Content/FirstPersonArms/Animations/FP_Rifle_Land.uexp" 690
"C:/RWCJ 2024 april/SeaFox/ue code/Content/FirstPersonArms/Animations/FP_Rifle_Run.uasset" 691
"C:/RWCJ 2024 april/SeaFox/ue code/Content/FirstPersonArms/Animations/FP_Rifle_Run.uexp" 692
"C:/RWCJ 2024 april/SeaFox/ue code/Content/FirstPersonArms/Animations/FP_Rifle_Falling.uasset" 693
"C:/RWCJ 2024 april/SeaFox/ue code/Content/FirstPersonArms/Animations/FP_Rifle_Falling.uexp" 694
"../../../Engine/Content/Animation/DefaultRecorderBoneCompression.uasset" 695
"../../../Engine/Content/Animation/DefaultRecorderBoneCompression.uexp" 696
"C:/RWCJ 2024 april/SeaFox/ue code/Content/FirstPersonArms/Animations/FP_Idle.uasset" 697
"C:/RWCJ 2024 april/SeaFox/ue code/Content/FirstPersonArms/Animations/FP_Idle.uexp" 698
"C:/RWCJ 2024 april/SeaFox/ue code/Content/FirstPersonArms/Animations/FP_Jump.uasset" 699
"C:/RWCJ 2024 april/SeaFox/ue code/Content/FirstPersonArms/Animations/FP_Jump.uexp" 700
"C:/RWCJ 2024 april/SeaFox/ue code/Content/FirstPersonArms/Animations/FP_Run_Fwd.uasset" 701
"C:/RWCJ 2024 april/SeaFox/ue code/Content/FirstPersonArms/Animations/FP_Run_Fwd.uexp" 702
"C:/RWCJ 2024 april/SeaFox/ue code/Content/FirstPersonArms/Animations/FP_Land.uasset" 703
"C:/RWCJ 2024 april/SeaFox/ue code/Content/FirstPersonArms/Animations/FP_Land.uexp" 704
"C:/RWCJ 2024 april/SeaFox/ue code/Content/FirstPersonArms/Animations/FP_Falling.uasset" 705
"C:/RWCJ 2024 april/SeaFox/ue code/Content/FirstPersonArms/Animations/FP_Falling.uexp" 706
"C:/RWCJ 2024 april/SeaFox/ue code/Content/FirstPersonArms/Animations/FP_Rifle_Jump.uasset" 707
"C:/RWCJ 2024 april/SeaFox/ue code/Content/FirstPersonArms/Animations/FP_Rifle_Jump.uexp" 708
"C:/RWCJ 2024 april/SeaFox/ue code/Content/FirstPersonArms/Animations/FirstPerson_AnimBP.uasset" 709
"C:/RWCJ 2024 april/SeaFox/ue code/Content/FirstPersonArms/Animations/FirstPerson_AnimBP.uexp" 710
"C:/RWCJ 2024 april/SeaFox/ue code/Content/FirstPerson/Blueprints/BP_FirstPersonCharacter.uasset" 711
"C:/RWCJ 2024 april/SeaFox/ue code/Content/FirstPerson/Blueprints/BP_FirstPersonCharacter.uexp" 712
"C:/RWCJ 2024 april/SeaFox/ue code/Content/FirstPerson/Blueprints/BP_Weapon_Component.uasset" 713
"C:/RWCJ 2024 april/SeaFox/ue code/Content/FirstPerson/Blueprints/BP_Weapon_Component.uexp" 714
"C:/RWCJ 2024 april/SeaFox/ue code/Content/FirstPerson/Blueprints/BP_Pickup_Rifle.uasset" 715
"C:/RWCJ 2024 april/SeaFox/ue code/Content/FirstPerson/Blueprints/BP_Pickup_Rifle.uexp" 716
"C:/RWCJ 2024 april/SeaFox/ue code/Content/LevelPrototyping/Textures/T_GridChecker_A.ubulk" 717
"C:/RWCJ 2024 april/SeaFox/ue code/Content/LevelPrototyping/Textures/T_GridChecker_A.uasset" 718
"C:/RWCJ 2024 april/SeaFox/ue code/Content/LevelPrototyping/Textures/T_GridChecker_A.uexp" 719
"../../../Engine/Content/Functions/Engine_MaterialFunctions02/Utility/MakeFloat3.uasset" 720
"../../../Engine/Content/Functions/Engine_MaterialFunctions02/Utility/MakeFloat3.uexp" 721
"../../../Engine/Content/Functions/Engine_MaterialFunctions01/Gradient/LinearGradient.uasset" 722
"../../../Engine/Content/Functions/Engine_MaterialFunctions01/Gradient/LinearGradient.uexp" 723
"../../../Engine/Content/Functions/Engine_MaterialFunctions01/ImageAdjustment/CheapContrast.uasset" 724
"../../../Engine/Content/Functions/Engine_MaterialFunctions01/ImageAdjustment/CheapContrast.uexp" 725
"C:/RWCJ 2024 april/SeaFox/ue code/Content/LevelPrototyping/Materials/MF_ProcGrid.uasset" 726
"C:/RWCJ 2024 april/SeaFox/ue code/Content/LevelPrototyping/Materials/MF_ProcGrid.uexp" 727
"C:/RWCJ 2024 april/SeaFox/ue code/Content/LevelPrototyping/Materials/M_PrototypeGrid.uasset" 728
"C:/RWCJ 2024 april/SeaFox/ue code/Content/LevelPrototyping/Materials/M_PrototypeGrid.uexp" 729
"C:/RWCJ 2024 april/SeaFox/ue code/Content/LevelPrototyping/Materials/MI_PrototypeGrid_Gray.uasset" 730
"C:/RWCJ 2024 april/SeaFox/ue code/Content/LevelPrototyping/Materials/MI_PrototypeGrid_Gray.uexp" 731
"C:/RWCJ 2024 april/SeaFox/ue code/Content/LevelPrototyping/Meshes/SM_Ramp.ubulk" 732
"C:/RWCJ 2024 april/SeaFox/ue code/Content/LevelPrototyping/Meshes/SM_Ramp.uasset" 733
"C:/RWCJ 2024 april/SeaFox/ue code/Content/LevelPrototyping/Meshes/SM_Ramp.uexp" 734
"C:/RWCJ 2024 april/SeaFox/ue code/Content/LevelPrototyping/Meshes/SM_QuarterCylinder.ubulk" 735
"C:/RWCJ 2024 april/SeaFox/ue code/Content/LevelPrototyping/Meshes/SM_QuarterCylinder.uasset" 736
"C:/RWCJ 2024 april/SeaFox/ue code/Content/LevelPrototyping/Meshes/SM_QuarterCylinder.uexp" 737
"C:/RWCJ 2024 april/SeaFox/ue code/Content/LevelPrototyping/Meshes/SM_Cylinder.ubulk" 738
"C:/RWCJ 2024 april/SeaFox/ue code/Content/LevelPrototyping/Meshes/SM_Cylinder.uasset" 739
"C:/RWCJ 2024 april/SeaFox/ue code/Content/LevelPrototyping/Meshes/SM_Cylinder.uexp" 740
"C:/RWCJ 2024 april/SeaFox/ue code/Content/LevelPrototyping/Meshes/SM_Cube.ubulk" 741
"C:/RWCJ 2024 april/SeaFox/ue code/Content/LevelPrototyping/Meshes/SM_Cube.uasset" 742
"C:/RWCJ 2024 april/SeaFox/ue code/Content/LevelPrototyping/Meshes/SM_Cube.uexp" 743
"C:/RWCJ 2024 april/SeaFox/ue code/Content/LevelPrototyping/Materials/M_Solid.uasset" 744
"C:/RWCJ 2024 april/SeaFox/ue code/Content/LevelPrototyping/Materials/M_Solid.uexp" 745
"C:/RWCJ 2024 april/SeaFox/ue code/Content/LevelPrototyping/Materials/MI_Solid_Blue.uasset" 746
"C:/RWCJ 2024 april/SeaFox/ue code/Content/LevelPrototyping/Materials/MI_Solid_Blue.uexp" 747
"C:/RWCJ 2024 april/SeaFox/ue code/Content/LevelPrototyping/Meshes/SM_ChamferCube.ubulk" 748
"C:/RWCJ 2024 april/SeaFox/ue code/Content/LevelPrototyping/Meshes/SM_ChamferCube.uasset" 749
"C:/RWCJ 2024 april/SeaFox/ue code/Content/LevelPrototyping/Meshes/SM_ChamferCube.uexp" 750
"C:/RWCJ 2024 april/SeaFox/ue code/Content/LevelPrototyping/Materials/MI_PrototypeGrid_TopDark.uasset" 751
"C:/RWCJ 2024 april/SeaFox/ue code/Content/LevelPrototyping/Materials/MI_PrototypeGrid_TopDark.uexp" 752
"C:/RWCJ 2024 april/SeaFox/ue code/Content/LevelPrototyping/Materials/MI_PrototypeGrid_Gray_02.uasset" 753
"C:/RWCJ 2024 april/SeaFox/ue code/Content/LevelPrototyping/Materials/MI_PrototypeGrid_Gray_02.uexp" 754
"C:/RWCJ 2024 april/SeaFox/ue code/Content/FPWeapon/Mesh/SK_FPGun_PhysicsAsset.uasset" 755
"C:/RWCJ 2024 april/SeaFox/ue code/Content/FPWeapon/Mesh/SK_FPGun_PhysicsAsset.uexp" 756
"C:/RWCJ 2024 april/SeaFox/ue code/Content/FirstPersonArms/Animations/FP_Walk_Fwd.uasset" 757
"C:/RWCJ 2024 april/SeaFox/ue code/Content/FirstPersonArms/Animations/FP_Walk_Fwd.uexp" 758
"../../../Engine/Content/MobileResources/HUD/VirtualJoystick_Background.uasset" 759
"../../../Engine/Content/MobileResources/HUD/VirtualJoystick_Background.uexp" 760
"../../../Engine/Content/MobileResources/HUD/VirtualJoystick_Thumb.uasset" 761
"../../../Engine/Content/MobileResources/HUD/VirtualJoystick_Thumb.uexp" 762
"../../../Engine/Content/MobileResources/HUD/DefaultVirtualJoysticks.uasset" 763
"../../../Engine/Content/MobileResources/HUD/DefaultVirtualJoysticks.uexp" 764
"../../../Engine/Content/EditorResources/SequenceRecorder/RecordingIndicator.uasset" 765
"../../../Engine/Content/EditorResources/SequenceRecorder/RecordingIndicator.uexp" 766
"../../../Engine/Content/EditorResources/SequenceRecorder/Countdown.uasset" 767
"../../../Engine/Content/EditorResources/SequenceRecorder/Countdown.uexp" 768
"../../../Engine/Content/Functions/Engine_MaterialFunctions01/Shading/PowerToRoughness.uasset" 769
"../../../Engine/Content/Functions/Engine_MaterialFunctions01/Shading/PowerToRoughness.uexp" 770
"../../../Engine/Content/Functions/Engine_MaterialFunctions01/Shading/ConvertFromDiffSpec.uasset" 771
"../../../Engine/Content/Functions/Engine_MaterialFunctions01/Shading/ConvertFromDiffSpec.uexp" 772
"../../../Engine/Content/Maps/Templates/HLODs/HLODLayer_Merged.uasset" 773
"../../../Engine/Content/Maps/Templates/HLODs/HLODLayer_Merged.uexp" 774
"C:/RWCJ 2024 april/SeaFox/ue code/Content/FPWeapon/Materials/MaterialLayers/T_ML_FineRubber.ubulk" 775
"C:/RWCJ 2024 april/SeaFox/ue code/Content/FPWeapon/Materials/MaterialLayers/T_ML_FineRubber.uasset" 776
"C:/RWCJ 2024 april/SeaFox/ue code/Content/FPWeapon/Materials/MaterialLayers/T_ML_FineRubber.uexp" 777
"../../../Engine/Content/Maps/Entry_BuiltData.uasset" 778
"../../../Engine/Content/Maps/Entry_BuiltData.uexp" 779
"../../../Engine/Content/Maps/Entry.uexp" 780
"../../../Engine/Content/Maps/Entry.umap" 781
"C:/RWCJ 2024 april/SeaFox/ue code/Content/FirstPerson/Blueprints/BP_FirstPersonGameMode.uasset" 782
"C:/RWCJ 2024 april/SeaFox/ue code/Content/FirstPerson/Blueprints/BP_FirstPersonGameMode.uexp" 783
"../../../Engine/Content/Maps/Templates/HLODs/HLODLayer_Instanced.uasset" 784
"../../../Engine/Content/Maps/Templates/HLODs/HLODLayer_Instanced.uexp" 785
"C:/RWCJ 2024 april/SeaFox/ue code/Content/FirstPerson/Maps/FirstPersonMap.uexp" 786
"C:/RWCJ 2024 april/SeaFox/ue code/Content/FirstPerson/Maps/FirstPersonMap.umap" 787
